<?xml version="1.0" encoding="UTF-8"?>
<coverage generated="1698783529349" clover="3.2.0">
  <project timestamp="1698783529349" name="All files">
    <metrics statements="22" coveredstatements="22" conditionals="2" coveredconditionals="2" methods="1" coveredmethods="1" elements="25" coveredelements="25" complexity="0" loc="22" ncloc="22" packages="1" files="2" classes="2"/>
    <file name="index.tsx" path="D:\Cursos\Udemy\nextjs\project1\new-landing\src\pages\App\index.tsx">
      <metrics statements="11" coveredstatements="11" conditionals="1" coveredconditionals="1" methods="1" coveredmethods="1"/>
      <line num="1" count="1" type="stmt"/>
      <line num="2" count="1" type="stmt"/>
      <line num="3" count="1" type="cond" truecount="1" falsecount="0"/>
      <line num="4" count="1" type="stmt"/>
      <line num="5" count="1" type="stmt"/>
      <line num="6" count="1" type="stmt"/>
      <line num="7" count="1" type="stmt"/>
      <line num="8" count="1" type="stmt"/>
      <line num="9" count="1" type="stmt"/>
      <line num="10" count="1" type="stmt"/>
      <line num="11" count="1" type="stmt"/>
    </file>
    <file name="styles.ts" path="D:\Cursos\Udemy\nextjs\project1\new-landing\src\pages\App\styles.ts">
      <metrics statements="11" coveredstatements="11" conditionals="1" coveredconditionals="1" methods="0" coveredmethods="0"/>
      <line num="1" count="1" type="stmt"/>
      <line num="2" count="1" type="stmt"/>
      <line num="3" count="1" type="stmt"/>
      <line num="4" count="1" type="stmt"/>
      <line num="5" count="1" type="stmt"/>
      <line num="6" count="1" type="stmt"/>
      <line num="7" count="1" type="stmt"/>
      <line num="8" count="1" type="cond" truecount="1" falsecount="0"/>
      <line num="9" count="1" type="stmt"/>
      <line num="10" count="1" type="stmt"/>
      <line num="11" count="1" type="stmt"/>
    </file>
  </project>
</coverage>
